0 info it worked if it ends with ok
1 verbose cli [ '/usr/local/bin/node', '/usr/local/bin/npm', 'install' ]
2 info using npm@1.4.14
3 info using node@v0.10.29
4 verbose readDependencies using package.json deps
5 verbose install where, deps [ '/Users/AgtLucas/Sites/vk-button',
5 verbose install   [ 'grunt',
5 verbose install     'grunt-cli',
5 verbose install     'grunt-contrib-connect',
5 verbose install     'grunt-gh-pages',
5 verbose install     'grunt-text-replace' ] ]
6 info preinstall @
7 verbose readDependencies using package.json deps
8 verbose cache add [ 'grunt-contrib-connect@~0.8.0', null ]
9 verbose cache add name=undefined spec="grunt-contrib-connect@~0.8.0" args=["grunt-contrib-connect@~0.8.0",null]
10 verbose parsed url { protocol: null,
10 verbose parsed url   slashes: null,
10 verbose parsed url   auth: null,
10 verbose parsed url   host: null,
10 verbose parsed url   port: null,
10 verbose parsed url   hostname: null,
10 verbose parsed url   hash: null,
10 verbose parsed url   search: null,
10 verbose parsed url   query: null,
10 verbose parsed url   pathname: 'grunt-contrib-connect@~0.8.0',
10 verbose parsed url   path: 'grunt-contrib-connect@~0.8.0',
10 verbose parsed url   href: 'grunt-contrib-connect@~0.8.0' }
11 verbose cache add [ 'grunt@~0.4.1', null ]
12 verbose cache add name=undefined spec="grunt@~0.4.1" args=["grunt@~0.4.1",null]
13 verbose parsed url { protocol: null,
13 verbose parsed url   slashes: null,
13 verbose parsed url   auth: null,
13 verbose parsed url   host: null,
13 verbose parsed url   port: null,
13 verbose parsed url   hostname: null,
13 verbose parsed url   hash: null,
13 verbose parsed url   search: null,
13 verbose parsed url   query: null,
13 verbose parsed url   pathname: 'grunt@~0.4.1',
13 verbose parsed url   path: 'grunt@~0.4.1',
13 verbose parsed url   href: 'grunt@~0.4.1' }
14 verbose cache add [ 'grunt-cli@~0.1.9', null ]
15 verbose cache add name=undefined spec="grunt-cli@~0.1.9" args=["grunt-cli@~0.1.9",null]
16 verbose parsed url { protocol: null,
16 verbose parsed url   slashes: null,
16 verbose parsed url   auth: null,
16 verbose parsed url   host: null,
16 verbose parsed url   port: null,
16 verbose parsed url   hostname: null,
16 verbose parsed url   hash: null,
16 verbose parsed url   search: null,
16 verbose parsed url   query: null,
16 verbose parsed url   pathname: 'grunt-cli@~0.1.9',
16 verbose parsed url   path: 'grunt-cli@~0.1.9',
16 verbose parsed url   href: 'grunt-cli@~0.1.9' }
17 verbose cache add name="grunt-contrib-connect" spec="~0.8.0" args=["grunt-contrib-connect","~0.8.0"]
18 verbose parsed url { protocol: null,
18 verbose parsed url   slashes: null,
18 verbose parsed url   auth: null,
18 verbose parsed url   host: null,
18 verbose parsed url   port: null,
18 verbose parsed url   hostname: null,
18 verbose parsed url   hash: null,
18 verbose parsed url   search: null,
18 verbose parsed url   query: null,
18 verbose parsed url   pathname: '~0.8.0',
18 verbose parsed url   path: '~0.8.0',
18 verbose parsed url   href: '~0.8.0' }
19 verbose addNamed [ 'grunt-contrib-connect', '~0.8.0' ]
20 verbose addNamed [ null, '>=0.8.0-0 <0.9.0-0' ]
21 verbose cache add name="grunt" spec="~0.4.1" args=["grunt","~0.4.1"]
22 verbose parsed url { protocol: null,
22 verbose parsed url   slashes: null,
22 verbose parsed url   auth: null,
22 verbose parsed url   host: null,
22 verbose parsed url   port: null,
22 verbose parsed url   hostname: null,
22 verbose parsed url   hash: null,
22 verbose parsed url   search: null,
22 verbose parsed url   query: null,
22 verbose parsed url   pathname: '~0.4.1',
22 verbose parsed url   path: '~0.4.1',
22 verbose parsed url   href: '~0.4.1' }
23 verbose addNamed [ 'grunt', '~0.4.1' ]
24 verbose addNamed [ null, '>=0.4.1-0 <0.5.0-0' ]
25 verbose cache add [ 'grunt-gh-pages@~0.9.1', null ]
26 verbose cache add name=undefined spec="grunt-gh-pages@~0.9.1" args=["grunt-gh-pages@~0.9.1",null]
27 verbose parsed url { protocol: null,
27 verbose parsed url   slashes: null,
27 verbose parsed url   auth: null,
27 verbose parsed url   host: null,
27 verbose parsed url   port: null,
27 verbose parsed url   hostname: null,
27 verbose parsed url   hash: null,
27 verbose parsed url   search: null,
27 verbose parsed url   query: null,
27 verbose parsed url   pathname: 'grunt-gh-pages@~0.9.1',
27 verbose parsed url   path: 'grunt-gh-pages@~0.9.1',
27 verbose parsed url   href: 'grunt-gh-pages@~0.9.1' }
28 verbose cache add [ 'grunt-text-replace@~0.3.11', null ]
29 verbose cache add name=undefined spec="grunt-text-replace@~0.3.11" args=["grunt-text-replace@~0.3.11",null]
30 verbose parsed url { protocol: null,
30 verbose parsed url   slashes: null,
30 verbose parsed url   auth: null,
30 verbose parsed url   host: null,
30 verbose parsed url   port: null,
30 verbose parsed url   hostname: null,
30 verbose parsed url   hash: null,
30 verbose parsed url   search: null,
30 verbose parsed url   query: null,
30 verbose parsed url   pathname: 'grunt-text-replace@~0.3.11',
30 verbose parsed url   path: 'grunt-text-replace@~0.3.11',
30 verbose parsed url   href: 'grunt-text-replace@~0.3.11' }
31 verbose cache add name="grunt-cli" spec="~0.1.9" args=["grunt-cli","~0.1.9"]
32 verbose parsed url { protocol: null,
32 verbose parsed url   slashes: null,
32 verbose parsed url   auth: null,
32 verbose parsed url   host: null,
32 verbose parsed url   port: null,
32 verbose parsed url   hostname: null,
32 verbose parsed url   hash: null,
32 verbose parsed url   search: null,
32 verbose parsed url   query: null,
32 verbose parsed url   pathname: '~0.1.9',
32 verbose parsed url   path: '~0.1.9',
32 verbose parsed url   href: '~0.1.9' }
33 verbose addNamed [ 'grunt-cli', '~0.1.9' ]
34 verbose addNamed [ null, '>=0.1.9-0 <0.2.0-0' ]
35 silly lockFile ebb9bf51-grunt-contrib-connect-0-8-0 grunt-contrib-connect@~0.8.0
36 verbose lock grunt-contrib-connect@~0.8.0 /Users/AgtLucas/.npm/ebb9bf51-grunt-contrib-connect-0-8-0.lock
37 silly lockFile 766a3bd3-grunt-0-4-1 grunt@~0.4.1
38 verbose lock grunt@~0.4.1 /Users/AgtLucas/.npm/766a3bd3-grunt-0-4-1.lock
39 silly lockFile d81a8200-grunt-cli-0-1-9 grunt-cli@~0.1.9
40 verbose lock grunt-cli@~0.1.9 /Users/AgtLucas/.npm/d81a8200-grunt-cli-0-1-9.lock
41 verbose cache add name="grunt-gh-pages" spec="~0.9.1" args=["grunt-gh-pages","~0.9.1"]
42 verbose parsed url { protocol: null,
42 verbose parsed url   slashes: null,
42 verbose parsed url   auth: null,
42 verbose parsed url   host: null,
42 verbose parsed url   port: null,
42 verbose parsed url   hostname: null,
42 verbose parsed url   hash: null,
42 verbose parsed url   search: null,
42 verbose parsed url   query: null,
42 verbose parsed url   pathname: '~0.9.1',
42 verbose parsed url   path: '~0.9.1',
42 verbose parsed url   href: '~0.9.1' }
43 verbose addNamed [ 'grunt-gh-pages', '~0.9.1' ]
44 verbose addNamed [ null, '>=0.9.1-0 <0.10.0-0' ]
45 silly lockFile 5f4ddf68-grunt-gh-pages-0-9-1 grunt-gh-pages@~0.9.1
46 verbose lock grunt-gh-pages@~0.9.1 /Users/AgtLucas/.npm/5f4ddf68-grunt-gh-pages-0-9-1.lock
47 verbose cache add name="grunt-text-replace" spec="~0.3.11" args=["grunt-text-replace","~0.3.11"]
48 verbose parsed url { protocol: null,
48 verbose parsed url   slashes: null,
48 verbose parsed url   auth: null,
48 verbose parsed url   host: null,
48 verbose parsed url   port: null,
48 verbose parsed url   hostname: null,
48 verbose parsed url   hash: null,
48 verbose parsed url   search: null,
48 verbose parsed url   query: null,
48 verbose parsed url   pathname: '~0.3.11',
48 verbose parsed url   path: '~0.3.11',
48 verbose parsed url   href: '~0.3.11' }
49 verbose addNamed [ 'grunt-text-replace', '~0.3.11' ]
50 verbose addNamed [ null, '>=0.3.11-0 <0.4.0-0' ]
51 silly lockFile 0d109ce9-grunt-text-replace-0-3-11 grunt-text-replace@~0.3.11
52 verbose lock grunt-text-replace@~0.3.11 /Users/AgtLucas/.npm/0d109ce9-grunt-text-replace-0-3-11.lock
53 silly addNameRange { name: 'grunt-contrib-connect',
53 silly addNameRange   range: '>=0.8.0-0 <0.9.0-0',
53 silly addNameRange   hasData: false }
54 silly addNameRange { name: 'grunt', range: '>=0.4.1-0 <0.5.0-0', hasData: false }
55 silly addNameRange { name: 'grunt-cli',
55 silly addNameRange   range: '>=0.1.9-0 <0.2.0-0',
55 silly addNameRange   hasData: false }
56 silly addNameRange { name: 'grunt-gh-pages',
56 silly addNameRange   range: '>=0.9.1-0 <0.10.0-0',
56 silly addNameRange   hasData: false }
57 silly addNameRange { name: 'grunt-text-replace',
57 silly addNameRange   range: '>=0.3.11-0 <0.4.0-0',
57 silly addNameRange   hasData: false }
58 verbose url raw grunt-gh-pages
59 verbose url resolving [ 'https://registry.npmjs.org/', './grunt-gh-pages' ]
60 verbose url resolved https://registry.npmjs.org/grunt-gh-pages
61 info trying registry request attempt 1 at 08:58:32
62 http GET https://registry.npmjs.org/grunt-gh-pages
63 verbose url raw grunt-text-replace
64 verbose url resolving [ 'https://registry.npmjs.org/', './grunt-text-replace' ]
65 verbose url resolved https://registry.npmjs.org/grunt-text-replace
66 info trying registry request attempt 1 at 08:58:32
67 http GET https://registry.npmjs.org/grunt-text-replace
68 verbose url raw grunt-contrib-connect
69 verbose url resolving [ 'https://registry.npmjs.org/', './grunt-contrib-connect' ]
70 verbose url resolved https://registry.npmjs.org/grunt-contrib-connect
71 info trying registry request attempt 1 at 08:58:32
72 verbose etag "C1NM4EI55W3S5U6F3G89O7GGW"
73 http GET https://registry.npmjs.org/grunt-contrib-connect
74 verbose url raw grunt
75 verbose url resolving [ 'https://registry.npmjs.org/', './grunt' ]
76 verbose url resolved https://registry.npmjs.org/grunt
77 info trying registry request attempt 1 at 08:58:32
78 verbose etag "9ES3J6GGGC3TNMPZGPIEVAHOX"
79 http GET https://registry.npmjs.org/grunt
80 verbose url raw grunt-cli
81 verbose url resolving [ 'https://registry.npmjs.org/', './grunt-cli' ]
82 verbose url resolved https://registry.npmjs.org/grunt-cli
83 info trying registry request attempt 1 at 08:58:33
84 verbose etag "2PCZ860PUKFRSQ5NOM26PSJX9"
85 http GET https://registry.npmjs.org/grunt-cli
86 http 200 https://registry.npmjs.org/grunt-cli
87 silly registry.get cb [ 200,
87 silly registry.get   { date: 'Fri, 15 Aug 2014 11:58:34 GMT',
87 silly registry.get     server: 'CouchDB/1.5.0 (Erlang OTP/R16B03)',
87 silly registry.get     etag: '"8LF2046OKCJZ6B962RTVWMWLA"',
87 silly registry.get     'content-type': 'application/json',
87 silly registry.get     'cache-control': 'max-age=60',
87 silly registry.get     'content-length': '19828',
87 silly registry.get     'accept-ranges': 'bytes',
87 silly registry.get     via: '1.1 varnish',
87 silly registry.get     age: '1069',
87 silly registry.get     'x-served-by': 'cache-jfk1022-JFK',
87 silly registry.get     'x-cache': 'HIT',
87 silly registry.get     'x-cache-hits': '1',
87 silly registry.get     'x-timer': 'S1408103914.306385,VS0,VE0',
87 silly registry.get     vary: 'Accept',
87 silly registry.get     'keep-alive': 'timeout=10, max=50',
87 silly registry.get     connection: 'Keep-Alive' } ]
88 silly addNameRange number 2 { name: 'grunt-cli', range: '>=0.1.9-0 <0.2.0-0', hasData: true }
89 silly addNameRange versions [ 'grunt-cli',
89 silly addNameRange   [ '0.1.0',
89 silly addNameRange     '0.1.1',
89 silly addNameRange     '0.1.2',
89 silly addNameRange     '0.1.3',
89 silly addNameRange     '0.1.4',
89 silly addNameRange     '0.1.5',
89 silly addNameRange     '0.1.6',
89 silly addNameRange     '0.1.7',
89 silly addNameRange     '0.1.8',
89 silly addNameRange     '0.1.9',
89 silly addNameRange     '0.1.10',
89 silly addNameRange     '0.1.11',
89 silly addNameRange     '0.1.12',
89 silly addNameRange     '0.1.13' ] ]
90 verbose addNamed [ 'grunt-cli', '0.1.13' ]
91 verbose addNamed [ '0.1.13', '0.1.13' ]
92 silly lockFile 28997503-grunt-cli-0-1-13 grunt-cli@0.1.13
93 verbose lock grunt-cli@0.1.13 /Users/AgtLucas/.npm/28997503-grunt-cli-0-1-13.lock
94 silly lockFile 28997503-grunt-cli-0-1-13 grunt-cli@0.1.13
95 silly lockFile 28997503-grunt-cli-0-1-13 grunt-cli@0.1.13
96 silly lockFile d81a8200-grunt-cli-0-1-9 grunt-cli@~0.1.9
97 silly lockFile d81a8200-grunt-cli-0-1-9 grunt-cli@~0.1.9
98 error Error: EACCES, open '/Users/AgtLucas/.npm/grunt-cli/0.1.13/package/package.json'
98 error  { [Error: EACCES, open '/Users/AgtLucas/.npm/grunt-cli/0.1.13/package/package.json']
98 error   errno: 3,
98 error   code: 'EACCES',
98 error   path: '/Users/AgtLucas/.npm/grunt-cli/0.1.13/package/package.json' }
99 error Please try running this command again as root/Administrator.
100 error System Darwin 13.3.0
101 error command "/usr/local/bin/node" "/usr/local/bin/npm" "install"
102 error cwd /Users/AgtLucas/Sites/vk-button
103 error node -v v0.10.29
104 error npm -v 1.4.14
105 error path /Users/AgtLucas/.npm/grunt-cli/0.1.13/package/package.json
106 error code EACCES
107 error errno 3
108 error stack Error: EACCES, open '/Users/AgtLucas/.npm/grunt-cli/0.1.13/package/package.json'
109 verbose exit [ 3, true ]
